<?xml version="1.0" encoding="UTF-8"?>
<!-- Generated by org.testng.reporters.JUnitXMLReporter -->
<testsuite ignored="0" hostname="DESKTOP-62KGI1A" failures="0" tests="6" name="Default test" time="12.503" errors="0" timestamp="2024-02-24T23:58:08 IST">
  <testcase classname="api.test.DDTests" name="testPostUser" time="4.306"/>
  <testcase classname="api.test.DDTests" name="testPostUser" time="1.143"/>
  <testcase classname="api.test.DDTests" name="testPostUser" time="1.17"/>
  <testcase classname="api.test.DDTests" name="testDeleteByUser" time="1.268"/>
  <testcase classname="api.test.DDTests" name="testDeleteByUser" time="1.104"/>
  <testcase classname="api.test.DDTests" name="testDeleteByUser" time="1.146"/>
</testsuite> <!-- Default test -->
