<?xml version="1.0" encoding="UTF-8"?>
<!-- Generated by org.testng.reporters.JUnitXMLReporter -->
<testsuite ignored="0" hostname="DESKTOP-62KGI1A" failures="0" tests="4" name="PetTests" time="13.289" errors="0" timestamp="2024-02-25T18:34:24 IST">
  <testcase classname="api.test.UserTests2" name="testPostUser" time="5.344"/>
  <testcase classname="api.test.UserTests2" name="testGetUserByName" time="1.293"/>
  <testcase classname="api.test.UserTests2" name="testUpdateUserByName" time="2.375"/>
  <testcase classname="api.test.UserTests2" name="testDeleteUserByName" time="1.193"/>
</testsuite> <!-- PetTests -->
