<?xml version="1.0" encoding="UTF-8"?>
<!-- Generated by org.testng.reporters.JUnitXMLReporter -->
<testsuite ignored="0" hostname="DESKTOP-62KGI1A" failures="0" tests="4" name="PetTests" time="11.336" errors="0" timestamp="2024-02-25T13:31:18 IST">
  <testcase classname="api.test.UserTests2" name="testPostUser" time="3.749"/>
  <testcase classname="api.test.UserTests2" name="testGetUserByName" time="1.249"/>
  <testcase classname="api.test.UserTests2" name="testUpdateUserByName" time="2.344"/>
  <testcase classname="api.test.UserTests2" name="testDeleteUserByName" time="1.303"/>
</testsuite> <!-- PetTests -->
